<?xml version="1.0" encoding="UTF-8"?>
<testng-results ignored="0" total="1" passed="1" failed="0" skipped="0">
  <reporter-output>
  </reporter-output>
  <suite started-at="2025-04-09T10:45:27 NZST" name="Default suite" finished-at="2025-04-09T10:45:27 NZST" duration-ms="49">
    <groups>
    </groups>
    <test started-at="2025-04-09T10:45:27 NZST" name="Default test" finished-at="2025-04-09T10:45:27 NZST" duration-ms="49">
      <class name="week1.day1.ChangeOddIndexToUpperCase">
        <test-method signature="TestOne()[pri:0, instance:week1.day1.ChangeOddIndexToUpperCase@2d7275fc]" started-at="2025-04-09T10:45:27 NZST" name="TestOne" finished-at="2025-04-09T10:45:27 NZST" duration-ms="8" status="PASS">
          <reporter-output>
          </reporter-output>
        </test-method> <!-- TestOne -->
      </class> <!-- week1.day1.ChangeOddIndexToUpperCase -->
    </test> <!-- Default test -->
  </suite> <!-- Default suite -->
</testng-results>
